BraTS19_2013_2_1_t1ce.nii.gz
float64
0.0 1674.0
uint8 255
uint8 (240, 240, 3)

BraTS19_2013_2_1_flair.nii.gz
float64
0.0 1252.0
uint8 255
uint8 (240, 240, 3)

BraTS19_2013_2_1_t1.nii.gz
float64
0.0 1461.0
uint8 255
uint8 (240, 240, 3)

BraTS19_2013_2_1_seg.nii.gz
float64
0.0 4.0
uint8 4
uint8 (240, 240, 3)

BraTS19_2013_2_1_t2.nii.gz
float64
0.0 1478.0
uint8 255
uint8 (240, 240, 3)


processed:
t1ce.nii.gz
float64
0.0 2459.2900390625
uint8 255
uint8 (240, 240, 3)

flair.nii.gz
float64
0.0 1252.0
uint8 255
uint8 (240, 240, 3)

t1.nii.gz
float64
0.0 12663.3359375
uint8 255
uint8 (240, 240, 3)

truth.nii.gz
float64
0.0 4.0
uint8 4
uint8 (240, 240, 3)

t2.nii.gz
float64
0.0 1408.7802734375
uint8 255
uint8 (240, 240, 3)